\BOOKMARK [0][-]{chapter*.2}{\376\377\000L\000i\000s\000t\000\040\000o\000f\000\040\000T\000a\000b\000l\000e\000s}{}% 1
\BOOKMARK [0][-]{chapter*.3}{\376\377\000L\000i\000s\000t\000\040\000o\000f\000\040\000F\000i\000g\000u\000r\000e\000s}{}% 2
\BOOKMARK [0][-]{chapter*.4}{\376\377\000A\000b\000s\000t\000r\000a\000c\000t}{}% 3
\BOOKMARK [0][-]{chapter.1}{\376\377\000I\000n\000t\000r\000o\000d\000u\000c\000t\000i\000o\000n}{}% 4
\BOOKMARK [1][-]{section.1.1}{\376\377\000h\000L\000T\000O\000D\000O\000\040}{chapter.1}% 5
\BOOKMARK [0][-]{chapter.2}{\376\377\000A\000\040\000h\000i\000g\000h\000\040\000d\000i\000m\000e\000n\000s\000i\000o\000n\000a\000l\000\040\000p\000a\000r\000a\000m\000e\000t\000e\000r\000\040\000s\000e\000a\000r\000c\000h\000\040\000m\000e\000t\000h\000o\000d\000\040\000t\000o\000.\000.\000.}{}% 6
\BOOKMARK [1][-]{section.2.1}{\376\377\000I\000n\000t\000r\000o\000d\000u\000c\000t\000i\000o\000n}{chapter.2}% 7
\BOOKMARK [1][-]{section.2.2}{\376\377\000M\000e\000t\000h\000o\000d\000s}{chapter.2}% 8
\BOOKMARK [2][-]{subsection.2.2.1}{\376\377\000Q\000u\000a\000n\000t\000u\000m\000\040\000M\000e\000c\000h\000a\000n\000i\000c\000a\000l\000\040\000C\000a\000l\000c\000u\000l\000a\000t\000i\000o\000n\000s}{section.2.2}% 9
\BOOKMARK [2][-]{subsection.2.2.2}{\376\377\000P\000a\000r\000a\000m\000e\000t\000e\000r\000\040\000O\000p\000t\000i\000m\000i\000z\000a\000t\000i\000o\000n}{section.2.2}% 10
\BOOKMARK [2][-]{subsection.2.2.3}{\376\377\000B\000i\000l\000a\000y\000e\000r\000\040\000C\000o\000n\000s\000t\000r\000u\000c\000t\000i\000o\000n}{section.2.2}% 11
\BOOKMARK [2][-]{subsection.2.2.4}{\376\377\000M\000o\000l\000e\000c\000u\000l\000a\000r\000\040\000d\000y\000n\000a\000m\000i\000c\000s}{section.2.2}% 12
\BOOKMARK [1][-]{section.2.3}{\376\377\000R\000e\000s\000u\000l\000t\000s\000\040\000a\000n\000d\000\040\000D\000i\000s\000c\000u\000s\000s\000i\000o\000n}{chapter.2}% 13
\BOOKMARK [2][-]{subsection.2.3.1}{\376\377\000O\000p\000t\000i\000m\000i\000z\000e\000d\000\040\000C\000r\000o\000s\000s\000-\000T\000e\000r\000m\000s}{section.2.3}% 14
\BOOKMARK [2][-]{subsection.2.3.2}{\376\377\000V\000a\000l\000i\000d\000a\000t\000i\000o\000n\000\040\000o\000f\000\040\000P\000a\000r\000a\000m\000e\000t\000e\000r\000s}{section.2.3}% 15
\BOOKMARK [2][-]{subsection.2.3.3}{\376\377\000M\000e\000m\000b\000r\000a\000n\000e\000-\000S\000a\000l\000t\000\040\000I\000n\000t\000e\000r\000a\000c\000t\000i\000o\000n\000s}{section.2.3}% 16
\BOOKMARK [2][-]{subsection.2.3.4}{\376\377\000W\000a\000t\000e\000r\000\040\000S\000t\000r\000u\000c\000t\000u\000r\000e\000\040\000a\000n\000d\000\040\000D\000y\000n\000a\000m\000i\000c\000s}{section.2.3}% 17
\BOOKMARK [2][-]{subsection.2.3.5}{\376\377\000B\000i\000l\000a\000y\000e\000r\000\040\000E\000l\000e\000c\000t\000r\000o\000s\000t\000a\000t\000i\000c\000s}{section.2.3}% 18
\BOOKMARK [1][-]{section.2.4}{\376\377\000C\000o\000n\000c\000l\000u\000s\000i\000o\000n\000s}{chapter.2}% 19
\BOOKMARK [0][-]{chapter.3}{\376\377\000A\000d\000s\000o\000r\000p\000t\000i\000o\000n\000\040\000m\000o\000d\000e\000s\000\040\000o\000f\000\040\000N\000a\000+\000,\000\040\000L\000i\000+\000,\000\040\000a\000n\000d\000\040\000m\000g\000t\000o\000\040\000a\000\040\000m\000o\000d\000e\000l\000\040\000z\000w\000i\000t\000t\000e\000r\000i\000o\000n\000i\000c\000\040\000l\000i\000p\000i\000d\000\040\000b\000i\000l\000a\000y\000e\000r}{}% 20
\BOOKMARK [1][-]{section.3.1}{\376\377\000A\000b\000s\000t\000r\000a\000c\000t}{chapter.3}% 21
\BOOKMARK [1][-]{section.3.2}{\376\377\000I\000n\000t\000r\000o\000d\000u\000c\000t\000i\000o\000n}{chapter.3}% 22
\BOOKMARK [1][-]{section.3.3}{\376\377\000M\000e\000t\000h\000o\000d\000s}{chapter.3}% 23
\BOOKMARK [2][-]{subsection.3.3.1}{\376\377\000B\000i\000l\000a\000y\000e\000r\000\040\000C\000o\000n\000s\000t\000r\000u\000c\000t\000i\000o\000n}{section.3.3}% 24
\BOOKMARK [2][-]{subsection.3.3.2}{\376\377\000M\000o\000l\000e\000c\000u\000l\000a\000r\000\040\000d\000y\000n\000a\000m\000i\000c\000s}{section.3.3}% 25
\BOOKMARK [2][-]{subsection.3.3.3}{\376\377\000F\000o\000r\000c\000e\000-\000f\000i\000e\000l\000d\000\040\000p\000a\000r\000a\000m\000e\000t\000e\000r\000s}{section.3.3}% 26
\BOOKMARK [1][-]{section.3.4}{\376\377\000R\000e\000s\000u\000l\000t\000s\000\040\000a\000n\000d\000\040\000D\000i\000s\000c\000u\000s\000s\000i\000o\000n}{chapter.3}% 27
\BOOKMARK [2][-]{subsection.3.4.1}{\376\377\000B\000i\000l\000a\000y\000e\000r\000\040\000s\000i\000m\000u\000l\000a\000t\000i\000o\000n\000s\000\040\000o\000f\000\040\000L\000i\000+\000a\000n\000d\000\040\000m\000g}{section.3.4}% 28
\BOOKMARK [1][-]{section.3.5}{\376\377\000S\000p\000e\000c\000i\000f\000i\000c\000\040\000i\000o\000n\000\040\000a\000d\000s\000o\000r\000p\000t\000i\000o\000n}{chapter.3}% 29
\BOOKMARK [2][-]{subsection.3.5.1}{\376\377\000B\000u\000l\000k\000\040\000i\000o\000n\000s}{section.3.5}% 30
\BOOKMARK [2][-]{subsection.3.5.2}{\376\377\000A\000d\000s\000o\000r\000b\000e\000d\000\040\000i\000o\000n\000s}{section.3.5}% 31
\BOOKMARK [1][-]{section.3.6}{\376\377\000C\000o\000n\000c\000l\000u\000s\000i\000o\000n\000s}{chapter.3}% 32
\BOOKMARK [0][-]{chapter.4}{\376\377\000A\000l\000t\000e\000r\000a\000t\000i\000o\000n\000\040\000o\000f\000\040\000b\000i\000l\000a\000y\000e\000r\000\040\000s\000t\000r\000u\000c\000t\000u\000r\000e\000\040\000b\000y\000\040\000a\000d\000s\000o\000r\000b\000e\000d\000\040\000i\000o\000n\000s}{}% 33
\BOOKMARK [1][-]{section.4.1}{\376\377\000A\000b\000s\000t\000r\000a\000c\000t}{chapter.4}% 34
\BOOKMARK [1][-]{section.4.2}{\376\377\000I\000n\000t\000r\000o\000d\000u\000c\000t\000i\000o\000n}{chapter.4}% 35
\BOOKMARK [1][-]{section.4.3}{\376\377\000M\000e\000t\000h\000o\000d\000s}{chapter.4}% 36
\BOOKMARK [2][-]{subsection.4.3.1}{\376\377\000m\000g\000\040\000M\000o\000d\000e\000l\000\040\000P\000a\000r\000a\000m\000e\000t\000e\000r\000s}{section.4.3}% 37
\BOOKMARK [2][-]{subsection.4.3.2}{\376\377\000M\000o\000l\000e\000c\000u\000l\000a\000r\000\040\000D\000y\000n\000a\000m\000i\000c\000s}{section.4.3}% 38
\BOOKMARK [1][-]{section.4.4}{\376\377\000R\000e\000s\000u\000l\000t\000s\000\040\000a\000n\000d\000\040\000D\000i\000s\000c\000u\000s\000s\000i\000o\000n}{chapter.4}% 39
\BOOKMARK [2][-]{subsection.4.4.1}{\376\377\000W\000a\000t\000e\000r\000\040\000s\000t\000r\000u\000c\000t\000u\000r\000e\000,\000\040\000a\000n\000d\000\040\000h\000y\000d\000r\000a\000t\000i\000o\000n\000\040\000b\000o\000u\000n\000d\000a\000r\000i\000e\000s}{section.4.4}% 40
\BOOKMARK [1][-]{section.4.5}{\376\377\000m\000g\000A\000d\000s\000o\000r\000p\000t\000i\000o\000n\000\040\000B\000e\000h\000a\000v\000i\000o\000r}{chapter.4}% 41
\BOOKMARK [1][-]{section.4.6}{\376\377\000B\000i\000l\000a\000y\000e\000r\000\040\000S\000t\000r\000u\000c\000t\000u\000r\000e}{chapter.4}% 42
\BOOKMARK [2][-]{subsection.4.6.1}{\376\377\000A\000c\000y\000l\000-\000C\000h\000a\000i\000n\000\040\000o\000r\000d\000e\000r\000\040\000p\000a\000r\000a\000m\000e\000t\000e\000r\000s}{section.4.6}% 43
\BOOKMARK [1][-]{section.4.7}{\376\377\000C\000o\000n\000c\000l\000u\000s\000i\000o\000n\000s}{chapter.4}% 44
\BOOKMARK [0][-]{chapter.5}{\376\377\000C\000o\000n\000c\000l\000u\000s\000i\000o\000n\000s}{}% 45
\BOOKMARK [0][-]{chapter.6}{\376\377\000C\000o\000n\000c\000l\000u\000s\000i\000o\000n\000s}{}% 46
\BOOKMARK [0][-]{chapter*.51}{\376\377\000R\000e\000f\000e\000r\000e\000n\000c\000e\000s}{}% 47
