This is pdfTeX, Version 3.141592653-2.6-1.40.25 (TeX Live 2023/Homebrew) (preloaded format=latex 2023.9.21)  8 MAY 2025 14:38
entering extended mode
 restricted \write18 enabled.
 %&-line parsing enabled.
**paper.tex -interaction=batchmode
(./paper.tex
LaTeX2e <2022-11-01> patch level 1
L3 programming layer <2023-02-22>
(/usr/local/Cellar/texlive/20230313_2/share/texmf-dist/tex/latex/base/article.c
ls
Document Class: article 2022/07/02 v1.4n Standard LaTeX document class

(/usr/local/Cellar/texlive/20230313_2/share/texmf-dist/tex/latex/base/size10.cl
o
File: size10.clo 2022/07/02 v1.4n Standard LaTeX file (size option)
)
\c@part=\count185
\c@section=\count186
\c@subsection=\count187
\c@subsubsection=\count188
\c@paragraph=\count189
\c@subparagraph=\count190
\c@figure=\count191
\c@table=\count192
\abovecaptionskip=\skip48
\belowcaptionskip=\skip49
\bibindent=\dimen140
)
(/usr/local/Cellar/texlive/20230313_2/share/texmf-dist/tex/latex/geometry/geome
try.sty
Package: geometry 2020/01/02 v5.9 Page Geometry

(/usr/local/Cellar/texlive/20230313_2/share/texmf-dist/tex/latex/graphics/keyva
l.sty
Package: keyval 2022/05/29 v1.15 key=value parser (DPC)
\KV@toks@=\toks16
)
(/usr/local/Cellar/texlive/20230313_2/share/texmf-dist/tex/generic/iftex/ifvtex
.sty
Package: ifvtex 2019/10/25 v1.7 ifvtex legacy package. Use iftex instead.

(/usr/local/Cellar/texlive/20230313_2/share/texmf-dist/tex/generic/iftex/iftex.
sty
Package: iftex 2022/02/03 v1.0f TeX engine tests
))
\Gm@cnth=\count193
\Gm@cntv=\count194
\c@Gm@tempcnt=\count195
\Gm@bindingoffset=\dimen141
\Gm@wd@mp=\dimen142
\Gm@odd@mp=\dimen143
\Gm@even@mp=\dimen144
\Gm@layoutwidth=\dimen145
\Gm@layoutheight=\dimen146
\Gm@layouthoffset=\dimen147
\Gm@layoutvoffset=\dimen148
\Gm@dimlist=\toks17
)
(/usr/local/Cellar/texlive/20230313_2/share/texmf-dist/tex/latex/changes/change
s.sty
Package: changes 2021/07/15 v4.2.1 changes package

*** changes package 2021/07/15 v4.2.1 ***

(/usr/local/Cellar/texlive/20230313_2/share/texmf-dist/tex/latex/xkeyval/xkeyva
l.sty
Package: xkeyval 2022/06/16 v2.9 package option processing (HA)

(/usr/local/Cellar/texlive/20230313_2/share/texmf-dist/tex/generic/xkeyval/xkey
val.tex
(/usr/local/Cellar/texlive/20230313_2/share/texmf-dist/tex/generic/xkeyval/xkvu
tils.tex
\XKV@toks=\toks18
\XKV@tempa@toks=\toks19
)
\XKV@depth=\count196
File: xkeyval.tex 2014/12/03 v2.7a key=value parser (HA)
))
(/usr/local/Cellar/texlive/20230313_2/share/texmf-dist/tex/latex/etoolbox/etool
box.sty
Package: etoolbox 2020/10/05 v2.5k e-TeX tools for LaTeX (JAW)
\etb@tempcnta=\count197
)
(/usr/local/Cellar/texlive/20230313_2/share/texmf-dist/tex/generic/xstring/xstr
ing.sty
(/usr/local/Cellar/texlive/20230313_2/share/texmf-dist/tex/generic/xstring/xstr
ing.tex
\integerpart=\count198
\decimalpart=\count199
)
Package: xstring 2023/01/14 v1.85 String manipulations (CT)
)
ulem-option 'normalem,normalbf', passed to package ulem
truncate-option 'breakall,fit', passed to package truncate
changes-option 'final'

(/usr/local/Cellar/texlive/20230313_2/share/texmf-dist/tex/latex/xcolor/xcolor.
sty
Package: xcolor 2022/06/12 v2.14 LaTeX color extensions (UK)

(/usr/local/Cellar/texlive/20230313_2/share/texmf-dist/tex/latex/graphics-cfg/c
olor.cfg
File: color.cfg 2016/01/02 v1.6 sample color configuration
)
Package xcolor Info: Driver file: dvips.def on input line 227.

(/usr/local/Cellar/texlive/20230313_2/share/texmf-dist/tex/latex/graphics-def/d
vips.def
File: dvips.def 2022/09/22 v3.1e Graphics/color driver for dvips
)
(/usr/local/Cellar/texlive/20230313_2/share/texmf-dist/tex/latex/graphics/mathc
olor.ltx)
Package xcolor Info: Model `cmy' substituted by `cmy0' on input line 1353.
Package xcolor Info: Model `RGB' extended on input line 1369.
Package xcolor Info: Model `HTML' substituted by `rgb' on input line 1371.
Package xcolor Info: Model `Hsb' substituted by `hsb' on input line 1372.
Package xcolor Info: Model `tHsb' substituted by `hsb' on input line 1373.
Package xcolor Info: Model `HSB' substituted by `hsb' on input line 1374.
Package xcolor Info: Model `Gray' substituted by `gray' on input line 1375.
Package xcolor Info: Model `wave' substituted by `hsb' on input line 1376.
)
(/usr/local/Cellar/texlive/20230313_2/share/texmf-dist/tex/generic/ulem/ulem.st
y
\UL@box=\box51
\UL@hyphenbox=\box52
\UL@skip=\skip50
\UL@hook=\toks20
\UL@height=\dimen149
\UL@pe=\count266
\UL@pixel=\dimen150
\ULC@box=\box53
Package: ulem 2019/11/18
\ULdepth=\dimen151
)
(/usr/local/Cellar/texlive/20230313_2/share/texmf-dist/tex/latex/todonotes/todo
notes.sty
Package: todonotes 2023/01/31 v1.1.6 Todonotes source and documentation.
Package: todonotes 2023/01/31

(/usr/local/Cellar/texlive/20230313_2/share/texmf-dist/tex/latex/base/ifthen.st
y
Package: ifthen 2022/04/13 v1.1d Standard LaTeX ifthen package (DPC)
)
(/usr/local/Cellar/texlive/20230313_2/share/texmf-dist/tex/latex/pgf/frontendla
yer/tikz.sty
(/usr/local/Cellar/texlive/20230313_2/share/texmf-dist/tex/latex/pgf/basiclayer
/pgf.sty
(/usr/local/Cellar/texlive/20230313_2/share/texmf-dist/tex/latex/pgf/utilities/
pgfrcs.sty
(/usr/local/Cellar/texlive/20230313_2/share/texmf-dist/tex/generic/pgf/utilitie
s/pgfutil-common.tex
\pgfutil@everybye=\toks21
\pgfutil@tempdima=\dimen152
\pgfutil@tempdimb=\dimen153
)
(/usr/local/Cellar/texlive/20230313_2/share/texmf-dist/tex/generic/pgf/utilitie
s/pgfutil-latex.def
\pgfutil@abb=\box54
)
(/usr/local/Cellar/texlive/20230313_2/share/texmf-dist/tex/generic/pgf/utilitie
s/pgfrcs.code.tex
(/usr/local/Cellar/texlive/20230313_2/share/texmf-dist/tex/generic/pgf/pgf.revi
sion.tex)
Package: pgfrcs 2023-01-15 v3.1.10 (3.1.10)
))
Package: pgf 2023-01-15 v3.1.10 (3.1.10)

(/usr/local/Cellar/texlive/20230313_2/share/texmf-dist/tex/latex/pgf/basiclayer
/pgfcore.sty
(/usr/local/Cellar/texlive/20230313_2/share/texmf-dist/tex/latex/graphics/graph
icx.sty
Package: graphicx 2021/09/16 v1.2d Enhanced LaTeX Graphics (DPC,SPQR)

(/usr/local/Cellar/texlive/20230313_2/share/texmf-dist/tex/latex/graphics/graph
ics.sty
Package: graphics 2022/03/10 v1.4e Standard LaTeX Graphics (DPC,SPQR)

(/usr/local/Cellar/texlive/20230313_2/share/texmf-dist/tex/latex/graphics/trig.
sty
Package: trig 2021/08/11 v1.11 sin cos tan (DPC)
)
(/usr/local/Cellar/texlive/20230313_2/share/texmf-dist/tex/latex/graphics-cfg/g
raphics.cfg
File: graphics.cfg 2016/06/04 v1.11 sample graphics configuration
)
Package graphics Info: Driver file: dvips.def on input line 107.
)
\Gin@req@height=\dimen154
\Gin@req@width=\dimen155
)
(/usr/local/Cellar/texlive/20230313_2/share/texmf-dist/tex/latex/pgf/systemlaye
r/pgfsys.sty
(/usr/local/Cellar/texlive/20230313_2/share/texmf-dist/tex/generic/pgf/systemla
yer/pgfsys.code.tex
Package: pgfsys 2023-01-15 v3.1.10 (3.1.10)

(/usr/local/Cellar/texlive/20230313_2/share/texmf-dist/tex/generic/pgf/utilitie
s/pgfkeys.code.tex
\pgfkeys@pathtoks=\toks22
\pgfkeys@temptoks=\toks23

(/usr/local/Cellar/texlive/20230313_2/share/texmf-dist/tex/generic/pgf/utilitie
s/pgfkeyslibraryfiltered.code.tex
\pgfkeys@tmptoks=\toks24
))
\pgf@x=\dimen156
\pgf@y=\dimen157
\pgf@xa=\dimen158
\pgf@ya=\dimen159
\pgf@xb=\dimen160
\pgf@yb=\dimen161
\pgf@xc=\dimen162
\pgf@yc=\dimen163
\pgf@xd=\dimen164
\pgf@yd=\dimen165
\w@pgf@writea=\write3
\r@pgf@reada=\read2
\c@pgf@counta=\count267
\c@pgf@countb=\count268
\c@pgf@countc=\count269
\c@pgf@countd=\count270
\t@pgf@toka=\toks25
\t@pgf@tokb=\toks26
\t@pgf@tokc=\toks27
\pgf@sys@id@count=\count271

(/usr/local/Cellar/texlive/20230313_2/share/texmf-dist/tex/generic/pgf/systemla
yer/pgf.cfg
File: pgf.cfg 2023-01-15 v3.1.10 (3.1.10)
)
Driver file for pgf: pgfsys-dvips.def

(/usr/local/Cellar/texlive/20230313_2/share/texmf-dist/tex/generic/pgf/systemla
yer/pgfsys-dvips.def
File: pgfsys-dvips.def 2023-01-15 v3.1.10 (3.1.10)

(/usr/local/Cellar/texlive/20230313_2/share/texmf-dist/tex/generic/pgf/systemla
yer/pgfsys-common-postscript.def
File: pgfsys-common-postscript.def 2023-01-15 v3.1.10 (3.1.10)
\pgf@objectcount=\count272
)))
(/usr/local/Cellar/texlive/20230313_2/share/texmf-dist/tex/generic/pgf/systemla
yer/pgfsyssoftpath.code.tex
File: pgfsyssoftpath.code.tex 2023-01-15 v3.1.10 (3.1.10)
\pgfsyssoftpath@smallbuffer@items=\count273
\pgfsyssoftpath@bigbuffer@items=\count274
)
(/usr/local/Cellar/texlive/20230313_2/share/texmf-dist/tex/generic/pgf/systemla
yer/pgfsysprotocol.code.tex
File: pgfsysprotocol.code.tex 2023-01-15 v3.1.10 (3.1.10)
))
(/usr/local/Cellar/texlive/20230313_2/share/texmf-dist/tex/generic/pgf/basiclay
er/pgfcore.code.tex
Package: pgfcore 2023-01-15 v3.1.10 (3.1.10)

(/usr/local/Cellar/texlive/20230313_2/share/texmf-dist/tex/generic/pgf/math/pgf
math.code.tex
(/usr/local/Cellar/texlive/20230313_2/share/texmf-dist/tex/generic/pgf/math/pgf
mathutil.code.tex)
(/usr/local/Cellar/texlive/20230313_2/share/texmf-dist/tex/generic/pgf/math/pgf
mathparser.code.tex
\pgfmath@dimen=\dimen166
\pgfmath@count=\count275
\pgfmath@box=\box55
\pgfmath@toks=\toks28
\pgfmath@stack@operand=\toks29
\pgfmath@stack@operation=\toks30
)
(/usr/local/Cellar/texlive/20230313_2/share/texmf-dist/tex/generic/pgf/math/pgf
mathfunctions.code.tex)
(/usr/local/Cellar/texlive/20230313_2/share/texmf-dist/tex/generic/pgf/math/pgf
mathfunctions.basic.code.tex)
(/usr/local/Cellar/texlive/20230313_2/share/texmf-dist/tex/generic/pgf/math/pgf
mathfunctions.trigonometric.code.tex)
(/usr/local/Cellar/texlive/20230313_2/share/texmf-dist/tex/generic/pgf/math/pgf
mathfunctions.random.code.tex)
(/usr/local/Cellar/texlive/20230313_2/share/texmf-dist/tex/generic/pgf/math/pgf
mathfunctions.comparison.code.tex)
(/usr/local/Cellar/texlive/20230313_2/share/texmf-dist/tex/generic/pgf/math/pgf
mathfunctions.base.code.tex)
(/usr/local/Cellar/texlive/20230313_2/share/texmf-dist/tex/generic/pgf/math/pgf
mathfunctions.round.code.tex)
(/usr/local/Cellar/texlive/20230313_2/share/texmf-dist/tex/generic/pgf/math/pgf
mathfunctions.misc.code.tex)
(/usr/local/Cellar/texlive/20230313_2/share/texmf-dist/tex/generic/pgf/math/pgf
mathfunctions.integerarithmetics.code.tex)
(/usr/local/Cellar/texlive/20230313_2/share/texmf-dist/tex/generic/pgf/math/pgf
mathcalc.code.tex)
(/usr/local/Cellar/texlive/20230313_2/share/texmf-dist/tex/generic/pgf/math/pgf
mathfloat.code.tex
\c@pgfmathroundto@lastzeros=\count276
))
(/usr/local/Cellar/texlive/20230313_2/share/texmf-dist/tex/generic/pgf/math/pgf
int.code.tex)
(/usr/local/Cellar/texlive/20230313_2/share/texmf-dist/tex/generic/pgf/basiclay
er/pgfcorepoints.code.tex
File: pgfcorepoints.code.tex 2023-01-15 v3.1.10 (3.1.10)
\pgf@picminx=\dimen167
\pgf@picmaxx=\dimen168
\pgf@picminy=\dimen169
\pgf@picmaxy=\dimen170
\pgf@pathminx=\dimen171
\pgf@pathmaxx=\dimen172
\pgf@pathminy=\dimen173
\pgf@pathmaxy=\dimen174
\pgf@xx=\dimen175
\pgf@xy=\dimen176
\pgf@yx=\dimen177
\pgf@yy=\dimen178
\pgf@zx=\dimen179
\pgf@zy=\dimen180
)
(/usr/local/Cellar/texlive/20230313_2/share/texmf-dist/tex/generic/pgf/basiclay
er/pgfcorepathconstruct.code.tex
File: pgfcorepathconstruct.code.tex 2023-01-15 v3.1.10 (3.1.10)
\pgf@path@lastx=\dimen181
\pgf@path@lasty=\dimen182
)
(/usr/local/Cellar/texlive/20230313_2/share/texmf-dist/tex/generic/pgf/basiclay
er/pgfcorepathusage.code.tex
File: pgfcorepathusage.code.tex 2023-01-15 v3.1.10 (3.1.10)
\pgf@shorten@end@additional=\dimen183
\pgf@shorten@start@additional=\dimen184
)
(/usr/local/Cellar/texlive/20230313_2/share/texmf-dist/tex/generic/pgf/basiclay
er/pgfcorescopes.code.tex
File: pgfcorescopes.code.tex 2023-01-15 v3.1.10 (3.1.10)
\pgfpic=\box56
\pgf@hbox=\box57
\pgf@layerbox@main=\box58
\pgf@picture@serial@count=\count277
)
(/usr/local/Cellar/texlive/20230313_2/share/texmf-dist/tex/generic/pgf/basiclay
er/pgfcoregraphicstate.code.tex
File: pgfcoregraphicstate.code.tex 2023-01-15 v3.1.10 (3.1.10)
\pgflinewidth=\dimen185
)
(/usr/local/Cellar/texlive/20230313_2/share/texmf-dist/tex/generic/pgf/basiclay
er/pgfcoretransformations.code.tex
File: pgfcoretransformations.code.tex 2023-01-15 v3.1.10 (3.1.10)
\pgf@pt@x=\dimen186
\pgf@pt@y=\dimen187
\pgf@pt@temp=\dimen188
)
(/usr/local/Cellar/texlive/20230313_2/share/texmf-dist/tex/generic/pgf/basiclay
er/pgfcorequick.code.tex
File: pgfcorequick.code.tex 2023-01-15 v3.1.10 (3.1.10)
)
(/usr/local/Cellar/texlive/20230313_2/share/texmf-dist/tex/generic/pgf/basiclay
er/pgfcoreobjects.code.tex
File: pgfcoreobjects.code.tex 2023-01-15 v3.1.10 (3.1.10)
)
(/usr/local/Cellar/texlive/20230313_2/share/texmf-dist/tex/generic/pgf/basiclay
er/pgfcorepathprocessing.code.tex
File: pgfcorepathprocessing.code.tex 2023-01-15 v3.1.10 (3.1.10)
)
(/usr/local/Cellar/texlive/20230313_2/share/texmf-dist/tex/generic/pgf/basiclay
er/pgfcorearrows.code.tex
File: pgfcorearrows.code.tex 2023-01-15 v3.1.10 (3.1.10)
\pgfarrowsep=\dimen189
)
(/usr/local/Cellar/texlive/20230313_2/share/texmf-dist/tex/generic/pgf/basiclay
er/pgfcoreshade.code.tex
File: pgfcoreshade.code.tex 2023-01-15 v3.1.10 (3.1.10)
\pgf@max=\dimen190
\pgf@sys@shading@range@num=\count278
\pgf@shadingcount=\count279
)
(/usr/local/Cellar/texlive/20230313_2/share/texmf-dist/tex/generic/pgf/basiclay
er/pgfcoreimage.code.tex
File: pgfcoreimage.code.tex 2023-01-15 v3.1.10 (3.1.10)
)
(/usr/local/Cellar/texlive/20230313_2/share/texmf-dist/tex/generic/pgf/basiclay
er/pgfcoreexternal.code.tex
File: pgfcoreexternal.code.tex 2023-01-15 v3.1.10 (3.1.10)
\pgfexternal@startupbox=\box59
)
(/usr/local/Cellar/texlive/20230313_2/share/texmf-dist/tex/generic/pgf/basiclay
er/pgfcorelayers.code.tex
File: pgfcorelayers.code.tex 2023-01-15 v3.1.10 (3.1.10)
)
(/usr/local/Cellar/texlive/20230313_2/share/texmf-dist/tex/generic/pgf/basiclay
er/pgfcoretransparency.code.tex
File: pgfcoretransparency.code.tex 2023-01-15 v3.1.10 (3.1.10)
)
(/usr/local/Cellar/texlive/20230313_2/share/texmf-dist/tex/generic/pgf/basiclay
er/pgfcorepatterns.code.tex
File: pgfcorepatterns.code.tex 2023-01-15 v3.1.10 (3.1.10)
)
(/usr/local/Cellar/texlive/20230313_2/share/texmf-dist/tex/generic/pgf/basiclay
er/pgfcorerdf.code.tex
File: pgfcorerdf.code.tex 2023-01-15 v3.1.10 (3.1.10)
)))
(/usr/local/Cellar/texlive/20230313_2/share/texmf-dist/tex/generic/pgf/modules/
pgfmoduleshapes.code.tex
File: pgfmoduleshapes.code.tex 2023-01-15 v3.1.10 (3.1.10)
\pgfnodeparttextbox=\box60
)
(/usr/local/Cellar/texlive/20230313_2/share/texmf-dist/tex/generic/pgf/modules/
pgfmoduleplot.code.tex
File: pgfmoduleplot.code.tex 2023-01-15 v3.1.10 (3.1.10)
)
(/usr/local/Cellar/texlive/20230313_2/share/texmf-dist/tex/latex/pgf/compatibil
ity/pgfcomp-version-0-65.sty
Package: pgfcomp-version-0-65 2023-01-15 v3.1.10 (3.1.10)
\pgf@nodesepstart=\dimen191
\pgf@nodesepend=\dimen192
)
(/usr/local/Cellar/texlive/20230313_2/share/texmf-dist/tex/latex/pgf/compatibil
ity/pgfcomp-version-1-18.sty
Package: pgfcomp-version-1-18 2023-01-15 v3.1.10 (3.1.10)
))
(/usr/local/Cellar/texlive/20230313_2/share/texmf-dist/tex/latex/pgf/utilities/
pgffor.sty
(/usr/local/Cellar/texlive/20230313_2/share/texmf-dist/tex/latex/pgf/utilities/
pgfkeys.sty
(/usr/local/Cellar/texlive/20230313_2/share/texmf-dist/tex/generic/pgf/utilitie
s/pgfkeys.code.tex))
(/usr/local/Cellar/texlive/20230313_2/share/texmf-dist/tex/latex/pgf/math/pgfma
th.sty
(/usr/local/Cellar/texlive/20230313_2/share/texmf-dist/tex/generic/pgf/math/pgf
math.code.tex))
(/usr/local/Cellar/texlive/20230313_2/share/texmf-dist/tex/generic/pgf/utilitie
s/pgffor.code.tex
Package: pgffor 2023-01-15 v3.1.10 (3.1.10)
\pgffor@iter=\dimen193
\pgffor@skip=\dimen194
\pgffor@stack=\toks31
\pgffor@toks=\toks32
))
(/usr/local/Cellar/texlive/20230313_2/share/texmf-dist/tex/generic/pgf/frontend
layer/tikz/tikz.code.tex
Package: tikz 2023-01-15 v3.1.10 (3.1.10)

(/usr/local/Cellar/texlive/20230313_2/share/texmf-dist/tex/generic/pgf/librarie
s/pgflibraryplothandlers.code.tex
File: pgflibraryplothandlers.code.tex 2023-01-15 v3.1.10 (3.1.10)
\pgf@plot@mark@count=\count280
\pgfplotmarksize=\dimen195
)
\tikz@lastx=\dimen196
\tikz@lasty=\dimen197
\tikz@lastxsaved=\dimen198
\tikz@lastysaved=\dimen199
\tikz@lastmovetox=\dimen256
\tikz@lastmovetoy=\dimen257
\tikzleveldistance=\dimen258
\tikzsiblingdistance=\dimen259
\tikz@figbox=\box61
\tikz@figbox@bg=\box62
\tikz@tempbox=\box63
\tikz@tempbox@bg=\box64
\tikztreelevel=\count281
\tikznumberofchildren=\count282
\tikznumberofcurrentchild=\count283
\tikz@fig@count=\count284

(/usr/local/Cellar/texlive/20230313_2/share/texmf-dist/tex/generic/pgf/modules/
pgfmodulematrix.code.tex
File: pgfmodulematrix.code.tex 2023-01-15 v3.1.10 (3.1.10)
\pgfmatrixcurrentrow=\count285
\pgfmatrixcurrentcolumn=\count286
\pgf@matrix@numberofcolumns=\count287
)
\tikz@expandcount=\count288

(/usr/local/Cellar/texlive/20230313_2/share/texmf-dist/tex/generic/pgf/frontend
layer/tikz/libraries/tikzlibrarytopaths.code.tex
File: tikzlibrarytopaths.code.tex 2023-01-15 v3.1.10 (3.1.10)
)))
(/usr/local/Cellar/texlive/20230313_2/share/texmf-dist/tex/generic/pgf/frontend
layer/tikz/libraries/tikzlibrarypositioning.code.tex
File: tikzlibrarypositioning.code.tex 2023-01-15 v3.1.10 (3.1.10)
)
(/usr/local/Cellar/texlive/20230313_2/share/texmf-dist/tex/latex/tools/calc.sty
Package: calc 2017/05/25 v4.3 Infix arithmetic (KKT,FJ)
\calc@Acount=\count289
\calc@Bcount=\count290
\calc@Adimen=\dimen260
\calc@Bdimen=\dimen261
\calc@Askip=\skip51
\calc@Bskip=\skip52
LaTeX Info: Redefining \setlength on input line 80.
LaTeX Info: Redefining \addtolength on input line 81.
\calc@Ccount=\count291
\calc@Cskip=\skip53
)
\c@@todonotes@numberoftodonotes=\count292
)
\c@Changes@AuthorCount=\count293
\c@Changes@Author=\count294
\c@Changes@addedCount=\count295
\c@Changes@deletedCount=\count296
\c@Changes@replacedCount=\count297
\c@Changes@highlightCount=\count298
\c@Changes@commentCount=\count299
\c@authorcommentcount=\count300

(/usr/local/Cellar/texlive/20230313_2/share/texmf-dist/tex/latex/truncate/trunc
ate.sty
Package: truncate 2001/08/20  ver 3.6
\@Trunc@RestHyph=\toks33
)
\Changestruncatewidth=\skip54
\Changes@summary@width=\skip55
)
(/usr/local/Cellar/texlive/20230313_2/share/texmf-dist/tex/latex/lipsum/lipsum.
sty
(/usr/local/Cellar/texlive/20230313_2/share/texmf-dist/tex/latex/l3packages/l3k
eys2e/l3keys2e.sty
(/usr/local/Cellar/texlive/20230313_2/share/texmf-dist/tex/latex/l3kernel/expl3
.sty
Package: expl3 2023-02-22 L3 programming layer (loader) 

(/usr/local/Cellar/texlive/20230313_2/share/texmf-dist/tex/latex/l3backend/l3ba
ckend-dvips.def
File: l3backend-dvips.def 2023-01-16 L3 backend support: dvips
\l__pdf_internal_box=\box65
\g__pdf_backend_object_int=\count301
\l__pdf_backend_content_box=\box66
\l__pdf_backend_model_box=\box67
\g__pdf_backend_annotation_int=\count302
\g__pdf_backend_link_int=\count303
\g__pdf_backend_link_sf_int=\count304
))
Package: l3keys2e 2023-02-02 LaTeX2e option processing using LaTeX3 keys
)
Package: lipsum 2021-09-20 v2.7 150 paragraphs of Lorem Ipsum dummy text
\g__lipsum_par_int=\count305
\l__lipsum_a_int=\count306
\l__lipsum_b_int=\count307

(/usr/local/Cellar/texlive/20230313_2/share/texmf-dist/tex/latex/lipsum/lipsum.
ltd.tex))
(/usr/local/Cellar/texlive/20230313_2/share/texmf-dist/tex/latex/tocbibind/tocb
ibind.sty
Package: tocbibind 2010/10/13 v1.5k extra ToC listings
Package tocbibind Info: The document has section divisions on input line 50.


Package tocbibind Note: Using section or other style headings.

)
(/usr/local/Cellar/texlive/20230313_2/share/texmf-dist/tex/latex/base/fontenc.s
ty
Package: fontenc 2021/04/29 v2.0v Standard LaTeX package
)
(/usr/local/Cellar/texlive/20230313_2/share/texmf-dist/tex/latex/base/inputenc.
sty
Package: inputenc 2021/02/14 v1.3d Input encoding file
\inpenc@prehook=\toks34
\inpenc@posthook=\toks35
)
(/usr/local/Cellar/texlive/20230313_2/share/texmf-dist/tex/latex/base/flafter.s
ty
Package: flafter 2021/07/31 v1.4e Standard LaTeX floats after reference (FMi)
Applying: [2015/01/01] float order in 2-column on input line 49.
Already applied: [0000/00/00] float order in 2-column on input line 151.
)
(/usr/local/Cellar/texlive/20230313_2/share/texmf-dist/tex/latex/floatrow/float
row.sty
Package: floatrow 2008/08/02 v0.3b floatrow: float package extension

(/usr/local/Cellar/texlive/20230313_2/share/texmf-dist/tex/latex/caption/captio
n3.sty
Package: caption3 2023/03/12 v2.4 caption3 kernel (AR)
\caption@tempdima=\dimen262
\captionmargin=\dimen263
\caption@leftmargin=\dimen264
\caption@rightmargin=\dimen265
\caption@width=\dimen266
\caption@indent=\dimen267
\caption@parindent=\dimen268
\caption@hangindent=\dimen269
Package caption Info: Standard document class detected.
)
\c@float@type=\count308
\float@exts=\toks36
\float@box=\box68
\@floatcapt=\box69
Package floatrow Info: Modified float package code loaded on input line 455.
Package floatrow Info: Modified rotfloat package code loaded on input line 473.

\FR@everyfloat=\toks37
\flrow@foot=\insert252
\FB@wd=\dimen270
\FBo@wd=\dimen271
\FBc@wd=\dimen272
\FBo@ht=\skip56
\FBc@ht=\skip57
\FBf@ht=\skip58
\FBo@max=\skip59
\FBc@max=\skip60
\FBf@max=\skip61
\c@FBl@b=\count309
\floatbox@depth=\count310
\c@FRobj=\count311
\c@FRsobj=\count312
\Xhsize=\skip62
\sXhsize=\skip63
\Zhsize=\skip64
\sZhsize=\skip65
\flrow@rowbox=\box70
\FR@Zunitlength=\dimen273
\c@FBcnt=\count313
\FPOScnt=\count314
\LTleft=\skip66
\LTright=\skip67
\LTleft=\skip68
\LTright=\skip69
\flrow@types=\toks38
)
(/usr/local/Cellar/texlive/20230313_2/share/texmf-dist/tex/latex/placeins/place
ins.sty
Package: placeins 2005/04/18  v 2.2
)
(/usr/local/Cellar/texlive/20230313_2/share/texmf-dist/tex/latex/siunitx/siunit
x.sty
Package: siunitx 2023-03-04 v3.2.2 A comprehensive (SI) units package
\l__siunitx_angle_tmp_dim=\dimen274
\l__siunitx_angle_marker_box=\box71
\l__siunitx_angle_unit_box=\box72
\l__siunitx_compound_count_int=\count315

(/usr/local/Cellar/texlive/20230313_2/share/texmf-dist/tex/latex/translations/t
ranslations.sty
Package: translations 2022/02/05 v1.12 internationalization of LaTeX2e packages
 (CN)

(/usr/local/Cellar/texlive/20230313_2/share/texmf-dist/tex/generic/pdftexcmds/p
dftexcmds.sty
Package: pdftexcmds 2020-06-27 v0.33 Utility functions of pdfTeX for LuaTeX (HO
)

(/usr/local/Cellar/texlive/20230313_2/share/texmf-dist/tex/generic/infwarerr/in
fwarerr.sty
Package: infwarerr 2019/12/03 v1.5 Providing info/warning/error messages (HO)
)
(/usr/local/Cellar/texlive/20230313_2/share/texmf-dist/tex/generic/ltxcmds/ltxc
mds.sty
Package: ltxcmds 2020-05-10 v1.25 LaTeX kernel commands for general use (HO)
)
Package pdftexcmds Info: \pdf@primitive is available.
Package pdftexcmds Info: \pdf@ifprimitive is available.
Package pdftexcmds Info: \pdfdraftmode is ignored in DVI mode.
))
\l__siunitx_number_exponent_fixed_int=\count316
\l__siunitx_number_min_decimal_int=\count317
\l__siunitx_number_min_integer_int=\count318
\l__siunitx_number_round_precision_int=\count319
\l__siunitx_number_lower_threshold_int=\count320
\l__siunitx_number_upper_threshold_int=\count321
\l__siunitx_number_group_first_int=\count322
\l__siunitx_number_group_size_int=\count323
\l__siunitx_number_group_minimum_int=\count324

(/usr/local/Cellar/texlive/20230313_2/share/texmf-dist/tex/latex/amsmath/amstex
t.sty
Package: amstext 2021/08/26 v2.01 AMS text

(/usr/local/Cellar/texlive/20230313_2/share/texmf-dist/tex/latex/amsmath/amsgen
.sty
File: amsgen.sty 1999/11/30 v2.0 generic functions
\@emptytoks=\toks39
\ex@=\dimen275
))
\l__siunitx_table_tmp_box=\box73
\l__siunitx_table_tmp_dim=\dimen276
\l__siunitx_table_column_width_dim=\dimen277
\l__siunitx_table_integer_box=\box74
\l__siunitx_table_decimal_box=\box75
\l__siunitx_table_uncert_box=\box76
\l__siunitx_table_before_box=\box77
\l__siunitx_table_after_box=\box78
\l__siunitx_table_before_dim=\dimen278
\l__siunitx_table_carry_dim=\dimen279
\l__siunitx_unit_tmp_int=\count325
\l__siunitx_unit_position_int=\count326
\l__siunitx_unit_total_int=\count327

(/usr/local/Cellar/texlive/20230313_2/share/texmf-dist/tex/latex/tools/array.st
y
Package: array 2022/09/04 v2.5g Tabular extension package (FMi)
\col@sep=\dimen280
\ar@mcellbox=\box79
\extrarowheight=\dimen281
\NC@list=\toks40
\extratabsurround=\skip70
\backup@length=\skip71
\ar@cellbox=\box80
))
(/usr/local/Cellar/texlive/20230313_2/share/texmf-dist/tex/latex/tools/dcolumn.
sty
Package: dcolumn 2014/10/28 v1.06 decimal alignment package (DPC)
)
(/usr/local/Cellar/texlive/20230313_2/share/texmf-dist/tex/latex/appendix/appen
dix.sty
Package: appendix 2020/02/08 v1.2c extra appendix facilities
\c@@pps=\count328
\c@@ppsavesec=\count329
\c@@ppsaveapp=\count330
)
(/usr/local/Cellar/texlive/20230313_2/share/texmf-dist/tex/latex/amsmath/amsmat
h.sty
Package: amsmath 2022/04/08 v2.17n AMS math features
\@mathmargin=\skip72

For additional information on amsmath, use the `?' option.

(/usr/local/Cellar/texlive/20230313_2/share/texmf-dist/tex/latex/amsmath/amsbsy
.sty
Package: amsbsy 1999/11/29 v1.2d Bold Symbols
\pmbraise@=\dimen282
)
(/usr/local/Cellar/texlive/20230313_2/share/texmf-dist/tex/latex/amsmath/amsopn
.sty
Package: amsopn 2022/04/08 v2.04 operator names
)
\inf@bad=\count331
LaTeX Info: Redefining \frac on input line 234.
\uproot@=\count332
\leftroot@=\count333
LaTeX Info: Redefining \overline on input line 399.
LaTeX Info: Redefining \colon on input line 410.
\classnum@=\count334
\DOTSCASE@=\count335
LaTeX Info: Redefining \ldots on input line 496.
LaTeX Info: Redefining \dots on input line 499.
LaTeX Info: Redefining \cdots on input line 620.
\Mathstrutbox@=\box81
\strutbox@=\box82
LaTeX Info: Redefining \big on input line 722.
LaTeX Info: Redefining \Big on input line 723.
LaTeX Info: Redefining \bigg on input line 724.
LaTeX Info: Redefining \Bigg on input line 725.
\big@size=\dimen283
LaTeX Font Info:    Redeclaring font encoding OML on input line 743.
LaTeX Font Info:    Redeclaring font encoding OMS on input line 744.
\macc@depth=\count336
LaTeX Info: Redefining \bmod on input line 905.
LaTeX Info: Redefining \pmod on input line 910.
LaTeX Info: Redefining \smash on input line 940.
LaTeX Info: Redefining \relbar on input line 970.
LaTeX Info: Redefining \Relbar on input line 971.
\c@MaxMatrixCols=\count337
\dotsspace@=\muskip16
\c@parentequation=\count338
\dspbrk@lvl=\count339
\tag@help=\toks41
\row@=\count340
\column@=\count341
\maxfields@=\count342
\andhelp@=\toks42
\eqnshift@=\dimen284
\alignsep@=\dimen285
\tagshift@=\dimen286
\tagwidth@=\dimen287
\totwidth@=\dimen288
\lineht@=\dimen289
\@envbody=\toks43
\multlinegap=\skip73
\multlinetaggap=\skip74
\mathdisplay@stack=\toks44
LaTeX Info: Redefining \[ on input line 2953.
LaTeX Info: Redefining \] on input line 2954.
)
(/usr/local/Cellar/texlive/20230313_2/share/texmf-dist/tex/latex/cases/cases.st
y
Package: cases 2020/03/29 ver 3.2
\numc@numwid=\dimen290
)
(/usr/local/Cellar/texlive/20230313_2/share/texmf-dist/tex/latex/amsfonts/amssy
mb.sty
Package: amssymb 2013/01/14 v3.01 AMS font symbols

(/usr/local/Cellar/texlive/20230313_2/share/texmf-dist/tex/latex/amsfonts/amsfo
nts.sty
Package: amsfonts 2013/01/14 v3.01 Basic AMSFonts support
\symAMSa=\mathgroup4
\symAMSb=\mathgroup5
LaTeX Font Info:    Redeclaring math symbol \hbar on input line 98.
LaTeX Font Info:    Overwriting math alphabet `\mathfrak' in version `bold'
(Font)                  U/euf/m/n --> U/euf/b/n on input line 106.
))
(/usr/local/Cellar/texlive/20230313_2/share/texmf-dist/tex/latex/graphics/rotat
ing.sty
Package: rotating 2016/08/11 v2.16d rotated objects in LaTeX
\c@r@tfl@t=\count343
\rotFPtop=\skip75
\rotFPbot=\skip76
\rot@float@box=\box83
\rot@mess@toks=\toks45
)
(/usr/local/Cellar/texlive/20230313_2/share/texmf-dist/tex/latex/enumitem/enumi
tem.sty
Package: enumitem 2019/06/20 v3.9 Customized lists
\labelindent=\skip77
\enit@outerparindent=\dimen291
\enit@toks=\toks46
\enit@inbox=\box84
\enit@count@id=\count344
\enitdp@description=\count345
)
(/usr/local/Cellar/texlive/20230313_2/share/texmf-dist/tex/generic/soul/soul.st
y
Package: soul 2023-02-18 v3.0 Permit use of UTF-8 characters in soul (HO)

(/usr/local/Cellar/texlive/20230313_2/share/texmf-dist/tex/generic/soul/soul-or
i.sty
Package: soul-ori 2023-02-18 v3.0 letterspacing/underlining (mf)
\SOUL@word=\toks47
\SOUL@lasttoken=\toks48
\SOUL@syllable=\toks49
\SOUL@cmds=\toks50
\SOUL@buffer=\toks51
\SOUL@token=\toks52
\SOUL@syllgoal=\dimen292
\SOUL@syllwidth=\dimen293
\SOUL@charkern=\dimen294
\SOUL@hyphkern=\dimen295
\SOUL@dimen=\dimen296
\SOUL@dimeni=\dimen297
\SOUL@minus=\count346
\SOUL@comma=\count347
\SOUL@apo=\count348
\SOUL@grave=\count349
\SOUL@spaceskip=\skip78
\SOUL@ttwidth=\dimen298
\SOUL@uldp=\dimen299
\SOUL@ulht=\dimen300
)
(/usr/local/Cellar/texlive/20230313_2/share/texmf-dist/tex/generic/etexcmds/ete
xcmds.sty
Package: etexcmds 2019/12/15 v1.7 Avoid name clashes with e-TeX commands (HO)
))
(/usr/local/Cellar/texlive/20230313_2/share/texmf-dist/tex/latex/tools/indentfi
rst.sty
Package: indentfirst 1995/11/23 v1.03 Indent first paragraph (DPC)
)
(/usr/local/Cellar/texlive/20230313_2/share/texmf-dist/tex/latex/hyphenat/hyphe
nat.sty
Package: hyphenat 2009/09/02 v2.3c hyphenation utilities
\langwohyphens=\language87
LaTeX Info: Redefining \_ on input line 43.
)
(/usr/local/Cellar/texlive/20230313_2/share/texmf-dist/tex/latex/tools/xspace.s
ty
Package: xspace 2014/10/28 v1.13 Space after command names (DPC,MH)
)
(/usr/local/Cellar/texlive/20230313_2/share/texmf-dist/tex/latex/caption/subcap
tion.sty
Package: subcaption 2023/02/19 v1.6 Sub-captions (AR)

(/usr/local/Cellar/texlive/20230313_2/share/texmf-dist/tex/latex/caption/captio
n.sty
Package: caption 2023/03/12 v3.6j Customizing captions (AR)
\c@caption@flags=\count350
\c@continuedfloat=\count351
Package caption Info: float package is loaded.
Package caption Info: floatrow package is loaded.
Package caption Info: floatrow package is loaded.
Package caption Info: rotating package is loaded.
)
Package caption Info: New subtype `subfigure' on input line 239.
\c@subfigure=\count352
Package caption Info: New subtype `subtable' on input line 239.
\c@subtable=\count353
)
(/usr/local/Cellar/texlive/20230313_2/share/texmf-dist/tex/latex/booktabs/bookt
abs.sty
Package: booktabs 2020/01/12 v1.61803398 Publication quality tables
\heavyrulewidth=\dimen301
\lightrulewidth=\dimen302
\cmidrulewidth=\dimen303
\belowrulesep=\dimen304
\belowbottomsep=\dimen305
\aboverulesep=\dimen306
\abovetopsep=\dimen307
\cmidrulesep=\dimen308
\cmidrulekern=\dimen309
\defaultaddspace=\dimen310
\@cmidla=\count354
\@cmidlb=\count355
\@aboverulesep=\dimen311
\@belowrulesep=\dimen312
\@thisruleclass=\count356
\@lastruleclass=\count357
\@thisrulewidth=\dimen313
)
(/usr/local/Cellar/texlive/20230313_2/share/texmf-dist/tex/latex/multirow/multi
row.sty
Package: multirow 2021/03/15 v2.8 Span multiple rows of a table
\multirow@colwidth=\skip79
\multirow@cntb=\count358
\multirow@dima=\skip80
\bigstrutjot=\dimen314
)
(/usr/local/Cellar/texlive/20230313_2/share/texmf-dist/tex/latex/tools/tabularx
.sty
Package: tabularx 2020/01/15 v2.11c `tabularx' package (DPC)
\TX@col@width=\dimen315
\TX@old@table=\dimen316
\TX@old@col=\dimen317
\TX@target=\dimen318
\TX@delta=\dimen319
\TX@cols=\count359
\TX@ftn=\toks53
)
(/usr/local/Cellar/texlive/20230313_2/share/texmf-dist/tex/latex/lineno/lineno.
sty
Package: lineno 2023/01/19 line numbers on paragraphs v5.1
\linenopenalty=\count360
\output=\toks54
\linenoprevgraf=\count361
\linenumbersep=\dimen320
\linenumberwidth=\dimen321
\c@linenumber=\count362
\c@pagewiselinenumber=\count363
\c@LN@truepage=\count364
\c@internallinenumber=\count365
\c@internallinenumbers=\count366
\quotelinenumbersep=\dimen322
\bframerule=\dimen323
\bframesep=\dimen324
\bframebox=\box85
\linenoamsmath@ams@eqpen=\count367
LaTeX Info: Redefining \\ on input line 3131.
)
(/usr/local/Cellar/texlive/20230313_2/share/texmf-dist/tex/latex/setspace/setsp
ace.sty
Package: setspace 2022/12/04 v6.7b set line spacing
)
(/usr/local/Cellar/texlive/20230313_2/share/texmf-dist/tex/latex/titlesec/title
sec.sty
Package: titlesec 2021/07/05 v2.14 Sectioning titles
\ttl@box=\box86
\beforetitleunit=\skip81
\aftertitleunit=\skip82
\ttl@plus=\dimen325
\ttl@minus=\dimen326
\ttl@toksa=\toks55
\titlewidth=\dimen327
\titlewidthlast=\dimen328
\titlewidthfirst=\dimen329
)
(/usr/local/Cellar/texlive/20230313_2/share/texmf-dist/tex/latex/hyperref/hyper
ref.sty
Package: hyperref 2023-02-07 v7.00v Hypertext links for LaTeX

(/usr/local/Cellar/texlive/20230313_2/share/texmf-dist/tex/latex/kvsetkeys/kvse
tkeys.sty
Package: kvsetkeys 2022-10-05 v1.19 Key value parser (HO)
)
(/usr/local/Cellar/texlive/20230313_2/share/texmf-dist/tex/generic/kvdefinekeys
/kvdefinekeys.sty
Package: kvdefinekeys 2019-12-19 v1.6 Define keys (HO)
)
(/usr/local/Cellar/texlive/20230313_2/share/texmf-dist/tex/generic/pdfescape/pd
fescape.sty
Package: pdfescape 2019/12/09 v1.15 Implements pdfTeX's escape features (HO)
)
(/usr/local/Cellar/texlive/20230313_2/share/texmf-dist/tex/latex/hycolor/hycolo
r.sty
Package: hycolor 2020-01-27 v1.10 Color options for hyperref/bookmark (HO)
)
(/usr/local/Cellar/texlive/20230313_2/share/texmf-dist/tex/latex/letltxmacro/le
tltxmacro.sty
Package: letltxmacro 2019/12/03 v1.6 Let assignment for LaTeX macros (HO)
)
(/usr/local/Cellar/texlive/20230313_2/share/texmf-dist/tex/latex/auxhook/auxhoo
k.sty
Package: auxhook 2019-12-17 v1.6 Hooks for auxiliary files (HO)
)
(/usr/local/Cellar/texlive/20230313_2/share/texmf-dist/tex/latex/hyperref/namer
ef.sty
Package: nameref 2022-05-17 v2.50 Cross-referencing by name of section

(/usr/local/Cellar/texlive/20230313_2/share/texmf-dist/tex/latex/refcount/refco
unt.sty
Package: refcount 2019/12/15 v3.6 Data extraction from label references (HO)
)
(/usr/local/Cellar/texlive/20230313_2/share/texmf-dist/tex/generic/gettitlestri
ng/gettitlestring.sty
Package: gettitlestring 2019/12/15 v1.6 Cleanup title references (HO)

(/usr/local/Cellar/texlive/20230313_2/share/texmf-dist/tex/latex/kvoptions/kvop
tions.sty
Package: kvoptions 2022-06-15 v3.15 Key value format for package options (HO)
))
\c@section@level=\count368
)
\@linkdim=\dimen330
\Hy@linkcounter=\count369
\Hy@pagecounter=\count370

(/usr/local/Cellar/texlive/20230313_2/share/texmf-dist/tex/latex/hyperref/pd1en
c.def
File: pd1enc.def 2023-02-07 v7.00v Hyperref: PDFDocEncoding definition (HO)
Now handling font encoding PD1 ...
... no UTF-8 mapping file for font encoding PD1
)
(/usr/local/Cellar/texlive/20230313_2/share/texmf-dist/tex/generic/intcalc/intc
alc.sty
Package: intcalc 2019/12/15 v1.3 Expandable calculations with integers (HO)
)
\Hy@SavedSpaceFactor=\count371

(/usr/local/Cellar/texlive/20230313_2/share/texmf-dist/tex/latex/hyperref/puenc
.def
File: puenc.def 2023-02-07 v7.00v Hyperref: PDF Unicode definition (HO)
Now handling font encoding PU ...
... no UTF-8 mapping file for font encoding PU
)
Package hyperref Info: Hyper figures OFF on input line 4177.
Package hyperref Info: Link nesting OFF on input line 4182.
Package hyperref Info: Hyper index ON on input line 4185.
Package hyperref Info: Plain pages OFF on input line 4192.
Package hyperref Info: Backreferencing OFF on input line 4197.
Package hyperref Info: Implicit mode ON; LaTeX internals redefined.
Package hyperref Info: Bookmarks ON on input line 4425.
\c@Hy@tempcnt=\count372

(/usr/local/Cellar/texlive/20230313_2/share/texmf-dist/tex/latex/url/url.sty
\Urlmuskip=\muskip17
Package: url 2013/09/16  ver 3.4  Verb mode for urls, etc.
)
LaTeX Info: Redefining \url on input line 4763.
\XeTeXLinkMargin=\dimen331

(/usr/local/Cellar/texlive/20230313_2/share/texmf-dist/tex/generic/bitset/bitse
t.sty
Package: bitset 2019/12/09 v1.3 Handle bit-vector datatype (HO)

(/usr/local/Cellar/texlive/20230313_2/share/texmf-dist/tex/generic/bigintcalc/b
igintcalc.sty
Package: bigintcalc 2019/12/15 v1.5 Expandable calculations on big integers (HO
)
))
\Fld@menulength=\count373
\Field@Width=\dimen332
\Fld@charsize=\dimen333
Package hyperref Info: Hyper figures OFF on input line 6042.
Package hyperref Info: Link nesting OFF on input line 6047.
Package hyperref Info: Hyper index ON on input line 6050.
Package hyperref Info: backreferencing OFF on input line 6057.
Package hyperref Info: Link coloring OFF on input line 6062.
Package hyperref Info: Link coloring with OCG OFF on input line 6067.
Package hyperref Info: PDF/A mode OFF on input line 6072.

(/usr/local/Cellar/texlive/20230313_2/share/texmf-dist/tex/latex/base/atbegshi-
ltx.sty
Package: atbegshi-ltx 2021/01/10 v1.0c Emulation of the original atbegshi
package with kernel methods
)
\Hy@abspage=\count374
\c@Item=\count375
\c@Hfootnote=\count376
)
Package hyperref Info: Driver (default): hdvips.

(/usr/local/Cellar/texlive/20230313_2/share/texmf-dist/tex/latex/hyperref/hdvip
s.def
File: hdvips.def 2023-02-07 v7.00v Hyperref driver for dvips

(/usr/local/Cellar/texlive/20230313_2/share/texmf-dist/tex/latex/hyperref/pdfma
rk.def
File: pdfmark.def 2023-02-07 v7.00v Hyperref definitions for pdfmark specials
\pdf@docset=\toks56
\pdf@box=\box87
\pdf@toks=\toks57
\pdf@defaulttoks=\toks58
\HyField@AnnotCount=\count377
\Fld@listcount=\count378
\c@bookmark@seq@number=\count379

(/usr/local/Cellar/texlive/20230313_2/share/texmf-dist/tex/latex/rerunfilecheck
/rerunfilecheck.sty
Package: rerunfilecheck 2022-07-10 v1.10 Rerun checks for auxiliary files (HO)

(/usr/local/Cellar/texlive/20230313_2/share/texmf-dist/tex/latex/base/atveryend
-ltx.sty
Package: atveryend-ltx 2020/08/19 v1.0a Emulation of the original atveryend pac
kage
with kernel methods
)
(/usr/local/Cellar/texlive/20230313_2/share/texmf-dist/tex/generic/uniquecounte
r/uniquecounter.sty
Package: uniquecounter 2019/12/15 v1.4 Provide unlimited unique counter (HO)
)
Package uniquecounter Info: New unique counter `rerunfilecheck' on input line 2
85.
)
\Hy@SectionHShift=\skip83
))
(/usr/local/Cellar/texlive/20230313_2/share/texmf-dist/tex/latex/cite/cite.sty
LaTeX Info: Redefining \cite on input line 302.
LaTeX Info: Redefining \nocite on input line 332.
Package: cite 2015/02/27  v 5.5
LaTeX Info: Redefining \cite on input line 441.
)
Package translations Info: No language package found. I am going to use `englis
h' as default language. on input line 72.
(./paper.aux)
\openout1 = `paper.aux'.

LaTeX Font Info:    Checking defaults for OML/cmm/m/it on input line 72.
LaTeX Font Info:    ... okay on input line 72.
LaTeX Font Info:    Checking defaults for OMS/cmsy/m/n on input line 72.
LaTeX Font Info:    ... okay on input line 72.
LaTeX Font Info:    Checking defaults for OT1/cmr/m/n on input line 72.
LaTeX Font Info:    ... okay on input line 72.
LaTeX Font Info:    Checking defaults for T1/cmr/m/n on input line 72.
LaTeX Font Info:    ... okay on input line 72.
LaTeX Font Info:    Checking defaults for TS1/cmr/m/n on input line 72.
LaTeX Font Info:    ... okay on input line 72.
LaTeX Font Info:    Checking defaults for OMX/cmex/m/n on input line 72.
LaTeX Font Info:    ... okay on input line 72.
LaTeX Font Info:    Checking defaults for U/cmr/m/n on input line 72.
LaTeX Font Info:    ... okay on input line 72.
LaTeX Font Info:    Checking defaults for PD1/pdf/m/n on input line 72.
LaTeX Font Info:    ... okay on input line 72.
LaTeX Font Info:    Checking defaults for PU/pdf/m/n on input line 72.
LaTeX Font Info:    ... okay on input line 72.

*geometry* driver: auto-detecting
*geometry* detected driver: dvips
*geometry* verbose mode - [ preamble ] result:
* driver: dvips
* paper: letterpaper
* layout: <same size as paper>
* layoutoffset:(h,v)=(0.0pt,0.0pt)
* modes: 
* h-part:(L,W,R)=(72.26999pt, 469.75502pt, 72.26999pt)
* v-part:(T,H,B)=(72.26999pt, 650.43001pt, 72.26999pt)
* \paperwidth=614.295pt
* \paperheight=794.96999pt
* \textwidth=469.75502pt
* \textheight=650.43001pt
* \oddsidemargin=0.0pt
* \evensidemargin=0.0pt
* \topmargin=-37.0pt
* \headheight=12.0pt
* \headsep=25.0pt
* \topskip=10.0pt
* \footskip=18.06749pt
* \marginparwidth=65.0pt
* \marginparsep=11.0pt
* \columnsep=10.0pt
* \skip\footins=9.0pt plus 4.0pt minus 2.0pt
* \hoffset=0.0pt
* \voffset=0.0pt
* \mag=1000
* \@twocolumnfalse
* \@twosidefalse
* \@mparswitchfalse
* \@reversemarginfalse
* (1in=72.27pt=25.4mm, 1cm=28.453pt)

Package caption Info: Begin \AtBeginDocument code.
Package caption Info: hyperref package is loaded.
Package caption Info: End \AtBeginDocument code.

(/usr/local/Cellar/texlive/20230313_2/share/texmf-dist/tex/latex/translations/t
ranslations-basic-dictionary-english.trsl
File: translations-basic-dictionary-english.trsl (english translation file `tra
nslations-basic-dictionary')
)
Package translations Info: loading dictionary `translations-basic-dictionary' f
or `english'. on input line 72.
Package hyperref Info: Link coloring OFF on input line 72.
 (./paper.out) (./paper.out)
\@outlinefile=\write4
\openout4 = `paper.out'.

LaTeX Font Info:    Trying to load font information for U+msa on input line 81.


(/usr/local/Cellar/texlive/20230313_2/share/texmf-dist/tex/latex/amsfonts/umsa.
fd
File: umsa.fd 2013/01/14 v3.01 AMS symbols A
)
LaTeX Font Info:    Trying to load font information for U+msb on input line 81.


(/usr/local/Cellar/texlive/20230313_2/share/texmf-dist/tex/latex/amsfonts/umsb.
fd
File: umsb.fd 2013/01/14 v3.01 AMS symbols B
)
\Changes@OutFile=\write5
\openout5 = `paper.soc'.

\tf@loc=\write6
\openout6 = `paper.loc'.

 [1

] (./paper.aux)
Package rerunfilecheck Info: File `paper.out' has not changed.
(rerunfilecheck)             Checksum: D41D8CD98F00B204E9800998ECF8427E;0.
 ) 
Here is how much of TeX's memory you used:
 29705 strings out of 476026
 604677 string characters out of 5780559
 1862385 words of memory out of 5000000
 49688 multiletter control sequences out of 15000+600000
 515936 words of font info for 44 fonts, out of 8000000 for 9000
 1141 hyphenation exceptions out of 8191
 132i,5n,132p,497b,899s stack positions out of 10000i,1000n,20000p,200000b,200000s

Output written on paper.dvi (1 page, 16900 bytes).
